<?xml version="1.0" encoding="UTF-8"?>
<testng-results ignored="0" total="1" passed="1" failed="0" skipped="0">
  <reporter-output>
  </reporter-output>
  <suite started-at="2022-06-05T05:02:26Z" name="Default suite" finished-at="2022-06-05T05:02:34Z" duration-ms="8011">
    <groups>
    </groups>
    <test started-at="2022-06-05T05:02:26Z" name="Default test" finished-at="2022-06-05T05:02:34Z" duration-ms="8011">
      <class name="awsApiChaining.EndToEndTest">
        <test-method signature="test()[pri:0, instance:awsApiChaining.EndToEndTest@571c5681]" started-at="2022-06-05T05:02:26Z" name="test" finished-at="2022-06-05T05:02:34Z" duration-ms="7970" status="PASS">
          <reporter-output>
          </reporter-output>
        </test-method> <!-- test -->
      </class> <!-- awsApiChaining.EndToEndTest -->
    </test> <!-- Default test -->
  </suite> <!-- Default suite -->
</testng-results>
